{"/Users/lockey/Code/palette-back/src/database/connector.ts": {"path":"/Users/lockey/Code/palette-back/src/database/connector.ts","statementMap":{"0":{"start":{"line":1,"column":0},"end":{"line":1,"column":23}},"1":{"start":{"line":2,"column":0},"end":{"line":2,"column":32}},"2":{"start":{"line":4,"column":0},"end":{"line":6,"column":3}},"3":{"start":{"line":8,"column":0},"end":{"line":10,"column":3}},"4":{"start":{"line":12,"column":0},"end":{"line":12,"column":24}}},"fnMap":{"0":{"name":"(anonymous_1)","decl":{"start":{"line":4,"column":78},"end":{"line":4,"column":81}},"loc":{"start":{"line":4,"column":83},"end":{"line":6,"column":1}}},"1":{"name":"(anonymous_2)","decl":{"start":{"line":8,"column":32},"end":{"line":8,"column":33}},"loc":{"start":{"line":8,"column":42},"end":{"line":10,"column":1}}}},"branchMap":{},"s":{"0":1,"1":1,"2":1,"3":1,"4":1},"f":{"0":0,"1":0},"b":{}}
,"/Users/lockey/Code/palette-back/src/models/deal.schema.ts": {"path":"/Users/lockey/Code/palette-back/src/models/deal.schema.ts","statementMap":{"0":{"start":{"line":1,"column":0},"end":{"line":1,"column":45}},"1":{"start":{"line":15,"column":19},"end":{"line":28,"column":2}},"2":{"start":{"line":30,"column":0},"end":{"line":32,"column":2}},"3":{"start":{"line":31,"column":4},"end":{"line":31,"column":26}},"4":{"start":{"line":34,"column":13},"end":{"line":34,"column":91}}},"fnMap":{"0":{"name":"(anonymous_1)","decl":{"start":{"line":30,"column":27},"end":{"line":30,"column":28}},"loc":{"start":{"line":30,"column":43},"end":{"line":32,"column":1}}}},"branchMap":{},"s":{"0":1,"1":1,"2":1,"3":1,"4":1},"f":{"0":1},"b":{}}
}
