{"total": {"lines":{"total":26,"covered":24,"skipped":0,"pct":92.3},"statements":{"total":28,"covered":26,"skipped":0,"pct":92.85},"functions":{"total":8,"covered":6,"skipped":0,"pct":75},"branches":{"total":7,"covered":6,"skipped":0,"pct":85.71},"branchesTrue":{"total":0,"covered":0,"skipped":0,"pct":100}}
,"/Users/lockey/Code/cryptoscan-back/dist/database/connector.js": {"lines":{"total":10,"covered":9,"skipped":0,"pct":90},"functions":{"total":3,"covered":2,"skipped":0,"pct":66.66},"statements":{"total":10,"covered":9,"skipped":0,"pct":90},"branches":{"total":7,"covered":6,"skipped":0,"pct":85.71}}
,"/Users/lockey/Code/cryptoscan-back/src/database/connector.ts": {"lines":{"total":10,"covered":9,"skipped":0,"pct":90},"functions":{"total":5,"covered":4,"skipped":0,"pct":80},"statements":{"total":12,"covered":11,"skipped":0,"pct":91.66},"branches":{"total":0,"covered":0,"skipped":0,"pct":100}}
,"/Users/lockey/Code/cryptoscan-back/src/models/user.schema.ts": {"lines":{"total":6,"covered":6,"skipped":0,"pct":100},"functions":{"total":0,"covered":0,"skipped":0,"pct":100},"statements":{"total":6,"covered":6,"skipped":0,"pct":100},"branches":{"total":0,"covered":0,"skipped":0,"pct":100}}
}
